E:\PROGRAMMING\SOURCE CODE\CARD\CARD\RELEASE\CARD.EXE.INTERMEDIATE.MANIFEST
E:\PROGRAMMING\SOURCE CODE\CARD\CARD\RELEASE\CARD.OBJ
E:\PROGRAMMING\SOURCE CODE\CARD\CARD\RELEASE\CARD.PCH
E:\PROGRAMMING\SOURCE CODE\CARD\CARD\RELEASE\CARD.RES
E:\PROGRAMMING\SOURCE CODE\CARD\CARD\RELEASE\CARDDOC.OBJ
E:\PROGRAMMING\SOURCE CODE\CARD\CARD\RELEASE\CARDVIEW.OBJ
E:\Programming\Source Code\card\card\Release\cl.command.1.tlog
E:\Programming\Source Code\card\card\Release\CL.read.1.tlog
E:\Programming\Source Code\card\card\Release\CL.write.1.tlog
E:\Programming\Source Code\card\card\Release\link.command.1.tlog
E:\Programming\Source Code\card\card\Release\link.read.1.tlog
E:\Programming\Source Code\card\card\Release\link.write.1.tlog
E:\Programming\Source Code\card\card\Release\link-cvtres.read.1.tlog
E:\Programming\Source Code\card\card\Release\link-cvtres.write.1.tlog
E:\PROGRAMMING\SOURCE CODE\CARD\CARD\RELEASE\MAINFRM.OBJ
E:\Programming\Source Code\card\card\Release\mt.command.1.tlog
E:\Programming\Source Code\card\card\Release\mt.read.1.tlog
E:\Programming\Source Code\card\card\Release\mt.write.1.tlog
E:\Programming\Source Code\card\card\Release\rc.command.1.tlog
E:\Programming\Source Code\card\card\Release\rc.read.1.tlog
E:\Programming\Source Code\card\card\Release\rc.write.1.tlog
E:\PROGRAMMING\SOURCE CODE\CARD\CARD\RELEASE\STDAFX.OBJ
E:\PROGRAMMING\SOURCE CODE\CARD\CARD\RELEASE\VC100.PDB
E:\PROGRAMMING\SOURCE CODE\CARD\RELEASE\CARD.EXE
E:\PROGRAMMING\SOURCE CODE\CARD\RELEASE\CARD.PDB
